This is pdfTeX, Version 3.141592653-2.6-1.40.26 (TeX Live 2024/Arch Linux) (preloaded format=pdflatex 2024.8.29)  29 AUG 2024 16:25
entering extended mode
 restricted \write18 enabled.
 %&-line parsing enabled.
**yeheli_request.tex
(./yeheli_request.tex
LaTeX2e <2023-11-01> patch level 1
L3 programming layer <2024-02-20>
(/usr/share/texmf-dist/tex/latex/base/article.cls
Document Class: article 2023/05/17 v1.4n Standard LaTeX document class
(/usr/share/texmf-dist/tex/latex/base/size10.clo
File: size10.clo 2023/05/17 v1.4n Standard LaTeX file (size option)
)
\c@part=\count188
\c@section=\count189
\c@subsection=\count190
\c@subsubsection=\count191
\c@paragraph=\count192
\c@subparagraph=\count193
\c@figure=\count194
\c@table=\count195
\abovecaptionskip=\skip48
\belowcaptionskip=\skip49
\bibindent=\dimen140
)
(/usr/share/texmf-dist/tex/latex/amsmath/amsmath.sty
Package: amsmath 2023/05/13 v2.17o AMS math features
\@mathmargin=\skip50

For additional information on amsmath, use the `?' option.
(/usr/share/texmf-dist/tex/latex/amsmath/amstext.sty
Package: amstext 2021/08/26 v2.01 AMS text

(/usr/share/texmf-dist/tex/latex/amsmath/amsgen.sty
File: amsgen.sty 1999/11/30 v2.0 generic functions
\@emptytoks=\toks17
\ex@=\dimen141
))
(/usr/share/texmf-dist/tex/latex/amsmath/amsbsy.sty
Package: amsbsy 1999/11/29 v1.2d Bold Symbols
\pmbraise@=\dimen142
)
(/usr/share/texmf-dist/tex/latex/amsmath/amsopn.sty
Package: amsopn 2022/04/08 v2.04 operator names
)
\inf@bad=\count196
LaTeX Info: Redefining \frac on input line 234.
\uproot@=\count197
\leftroot@=\count198
LaTeX Info: Redefining \overline on input line 399.
LaTeX Info: Redefining \colon on input line 410.
\classnum@=\count199
\DOTSCASE@=\count266
LaTeX Info: Redefining \ldots on input line 496.
LaTeX Info: Redefining \dots on input line 499.
LaTeX Info: Redefining \cdots on input line 620.
\Mathstrutbox@=\box51
\strutbox@=\box52
LaTeX Info: Redefining \big on input line 722.
LaTeX Info: Redefining \Big on input line 723.
LaTeX Info: Redefining \bigg on input line 724.
LaTeX Info: Redefining \Bigg on input line 725.
\big@size=\dimen143
LaTeX Font Info:    Redeclaring font encoding OML on input line 743.
LaTeX Font Info:    Redeclaring font encoding OMS on input line 744.
\macc@depth=\count267
LaTeX Info: Redefining \bmod on input line 905.
LaTeX Info: Redefining \pmod on input line 910.
LaTeX Info: Redefining \smash on input line 940.
LaTeX Info: Redefining \relbar on input line 970.
LaTeX Info: Redefining \Relbar on input line 971.
\c@MaxMatrixCols=\count268
\dotsspace@=\muskip16
\c@parentequation=\count269
\dspbrk@lvl=\count270
\tag@help=\toks18
\row@=\count271
\column@=\count272
\maxfields@=\count273
\andhelp@=\toks19
\eqnshift@=\dimen144
\alignsep@=\dimen145
\tagshift@=\dimen146
\tagwidth@=\dimen147
\totwidth@=\dimen148
\lineht@=\dimen149
\@envbody=\toks20
\multlinegap=\skip51
\multlinetaggap=\skip52
\mathdisplay@stack=\toks21
LaTeX Info: Redefining \[ on input line 2953.
LaTeX Info: Redefining \] on input line 2954.
)
(/usr/share/texmf-dist/tex/latex/l3backend/l3backend-pdftex.def
File: l3backend-pdftex.def 2024-02-20 L3 backend support: PDF output (pdfTeX)
\l__color_backend_stack_int=\count274
\l__pdf_internal_box=\box53
)
No file yeheli_request.aux.
\openout1 = `yeheli_request.aux'.

LaTeX Font Info:    Checking defaults for OML/cmm/m/it on input line 4.
LaTeX Font Info:    ... okay on input line 4.
LaTeX Font Info:    Checking defaults for OMS/cmsy/m/n on input line 4.
LaTeX Font Info:    ... okay on input line 4.
LaTeX Font Info:    Checking defaults for OT1/cmr/m/n on input line 4.
LaTeX Font Info:    ... okay on input line 4.
LaTeX Font Info:    Checking defaults for T1/cmr/m/n on input line 4.
LaTeX Font Info:    ... okay on input line 4.
LaTeX Font Info:    Checking defaults for TS1/cmr/m/n on input line 4.
LaTeX Font Info:    ... okay on input line 4.
LaTeX Font Info:    Checking defaults for OMX/cmex/m/n on input line 4.
LaTeX Font Info:    ... okay on input line 4.
LaTeX Font Info:    Checking defaults for U/cmr/m/n on input line 4.
LaTeX Font Info:    ... okay on input line 4.
! Missing $ inserted.
<inserted text> 
                $
l.9 |f(x)| \leq A \quad \text{\forall }
                                        x \text{ in the domain of } f.
? 
! Extra }, or forgotten $.
\textdef@ ...th {#1}\let \f@size #2\selectfont #3}
                                                  }
l.9 |f(x)| \leq A \quad \text{\forall }
                                        x \text{ in the domain of } f.
? 
! Extra }, or forgotten $.
\textdef@ ...h {#1}\let \f@size #2\selectfont #3}}
                                                  
l.9 |f(x)| \leq A \quad \text{\forall }
                                        x \text{ in the domain of } f.
? 
! Extra }, or forgotten $.
\text@ ...e {\textdef@ \displaystyle \f@size {#1}}
                                                  {\textdef@ \textstyle \f@s...
l.9 |f(x)| \leq A \quad \text{\forall }
                                        x \text{ in the domain of } f.
? 
! Missing $ inserted.
<inserted text> 
                $
l.9 |f(x)| \leq A \quad \text{\forall }
                                        x \text{ in the domain of } f.
? 
! Extra }, or forgotten $.
\textdef@ ...th {#1}\let \f@size #2\selectfont #3}
                                                  }
l.9 |f(x)| \leq A \quad \text{\forall }
                                        x \text{ in the domain of } f.
? 
! Extra }, or forgotten $.
\textdef@ ...h {#1}\let \f@size #2\selectfont #3}}
                                                  
l.9 |f(x)| \leq A \quad \text{\forall }
                                        x \text{ in the domain of } f.
? 
! Extra }, or forgotten $.
\text@ ...xtstyle \f@size {\firstchoice@false #1}}
                                                  {\textdef@ \textstyle \sf@...
l.9 |f(x)| \leq A \quad \text{\forall }
                                        x \text{ in the domain of } f.
? 
! Missing $ inserted.
<inserted text> 
                $
l.9 |f(x)| \leq A \quad \text{\forall }
                                        x \text{ in the domain of } f.
? 
! Extra }, or forgotten $.
\textdef@ ...th {#1}\let \f@size #2\selectfont #3}
                                                  }
l.9 |f(x)| \leq A \quad \text{\forall }
                                        x \text{ in the domain of } f.
? 
! Extra }, or forgotten $.
\textdef@ ...h {#1}\let \f@size #2\selectfont #3}}
                                                  
l.9 |f(x)| \leq A \quad \text{\forall }
                                        x \text{ in the domain of } f.
? 
! Extra }, or forgotten $.
\text@ ...tstyle \sf@size {\firstchoice@false #1}}
                                                  {\textdef@ \textstyle \ssf...
l.9 |f(x)| \leq A \quad \text{\forall }
                                        x \text{ in the domain of } f.
? 
! Missing $ inserted.
<inserted text> 
                $
l.9 |f(x)| \leq A \quad \text{\forall }
                                        x \text{ in the domain of } f.
? 
! Extra }, or forgotten $.
\textdef@ ...th {#1}\let \f@size #2\selectfont #3}
                                                  }
l.9 |f(x)| \leq A \quad \text{\forall }
                                        x \text{ in the domain of } f.
? 
! Extra }, or forgotten $.
\textdef@ ...h {#1}\let \f@size #2\selectfont #3}}
                                                  
l.9 |f(x)| \leq A \quad \text{\forall }
                                        x \text{ in the domain of } f.
? 
! Extra }, or forgotten $.
\text@ ...style \ssf@size {\firstchoice@false #1}}
                                                  \check@mathfonts }
l.9 |f(x)| \leq A \quad \text{\forall }
                                        x \text{ in the domain of } f.
? 
! Extra }, or forgotten $.
\text@ ...firstchoice@false #1}}\check@mathfonts }
                                                  
l.9 |f(x)| \leq A \quad \text{\forall }
                                        x \text{ in the domain of } f.
? 
! Missing $ inserted.
<inserted text> 
                $
l.10 \]
       
? 
! Missing } inserted.
<inserted text> 
                }
l.10 \]
       
? 
! Missing } inserted.
<inserted text> 
                }
l.10 \]
       
? 
! Missing } inserted.
<inserted text> 
                }
l.10 \]
       
? 
! Missing $ inserted.
<inserted text> 
                $
l.10 \]
       
? 
! Missing } inserted.
<inserted text> 
                }
l.10 \]
       
? 
! Missing } inserted.
<inserted text> 
                }
l.10 \]
       
? 
! Missing } inserted.
<inserted text> 
                }
l.10 \]
       
? 
! Missing $ inserted.
<inserted text> 
                $
l.10 \]
       
? 
! Missing } inserted.
<inserted text> 
                }
l.10 \]
       
? 
! Missing } inserted.
<inserted text> 
                }
l.10 \]
       
? 
! Missing } inserted.
<inserted text> 
                }
l.10 \]
       
? 
! Missing $ inserted.
<inserted text> 
                $
l.10 \]
       
? 
! Missing } inserted.
<inserted text> 
                }
l.10 \]
       
? 
! Missing } inserted.
<inserted text> 
                }
l.10 \]
       
? 
! Missing } inserted.
<inserted text> 
                }
l.10 \]
       
? 
! Missing { inserted.
<to be read again> 
                   \endgroup 
l.10 \]
       
? 
! Missing } inserted.
<inserted text> 
                }
l.10 \]
       
? 
! Missing { inserted.
<to be read again> 
                   \endgroup 
l.10 \]
       
? 
! Missing } inserted.
<inserted text> 
                }
l.10 \]
       
? 
! Missing { inserted.
<to be read again> 
                   \endgroup 
l.10 \]
       
? 
! Missing } inserted.
<inserted text> 
                }
l.10 \]
       
? 
! Missing } inserted.
<inserted text> 
                }
l.10 \]
       
? 
! Missing $ inserted.
<inserted text> 
                $
l.10 \]
       
? 
! Display math should end with $$.
<to be read again> 
                   \endgroup 
l.10 \]
       
? 
! Undefined control sequence.
l.15 \exists A \in \mathbb
                          {R} \text{ such that } |f(x)| \leq A \text{ \foral...

? 
! Missing $ inserted.
<inserted text> 
                $
l.15 ...such that } |f(x)| \leq A \text{ \forall }
                                                   x \text{ in the domain of...

? 
! Extra }, or forgotten $.
\textdef@ ...th {#1}\let \f@size #2\selectfont #3}
                                                  }
l.15 ...such that } |f(x)| \leq A \text{ \forall }
                                                   x \text{ in the domain of...

? 
! Extra }, or forgotten $.
\textdef@ ...h {#1}\let \f@size #2\selectfont #3}}
                                                  
l.15 ...such that } |f(x)| \leq A \text{ \forall }
                                                   x \text{ in the domain of...

? 
! Extra }, or forgotten $.
\text@ ...e {\textdef@ \displaystyle \f@size {#1}}
                                                  {\textdef@ \textstyle \f@s...
l.15 ...such that } |f(x)| \leq A \text{ \forall }
                                                   x \text{ in the domain of...

? 
! Missing $ inserted.
<inserted text> 
                $
l.15 ...such that } |f(x)| \leq A \text{ \forall }
                                                   x \text{ in the domain of...

? 
! Extra }, or forgotten $.
\textdef@ ...th {#1}\let \f@size #2\selectfont #3}
                                                  }
l.15 ...such that } |f(x)| \leq A \text{ \forall }
                                                   x \text{ in the domain of...

? 
! Extra }, or forgotten $.
\textdef@ ...h {#1}\let \f@size #2\selectfont #3}}
                                                  
l.15 ...such that } |f(x)| \leq A \text{ \forall }
                                                   x \text{ in the domain of...

? 
! Extra }, or forgotten $.
\text@ ...xtstyle \f@size {\firstchoice@false #1}}
                                                  {\textdef@ \textstyle \sf@...
l.15 ...such that } |f(x)| \leq A \text{ \forall }
                                                   x \text{ in the domain of...

? 
! Missing $ inserted.
<inserted text> 
                $
l.15 ...such that } |f(x)| \leq A \text{ \forall }
                                                   x \text{ in the domain of...

? 
! Extra }, or forgotten $.
\textdef@ ...th {#1}\let \f@size #2\selectfont #3}
                                                  }
l.15 ...such that } |f(x)| \leq A \text{ \forall }
                                                   x \text{ in the domain of...

? 
! Extra }, or forgotten $.
\textdef@ ...h {#1}\let \f@size #2\selectfont #3}}
                                                  
l.15 ...such that } |f(x)| \leq A \text{ \forall }
                                                   x \text{ in the domain of...

? 
! Extra }, or forgotten $.
\text@ ...tstyle \sf@size {\firstchoice@false #1}}
                                                  {\textdef@ \textstyle \ssf...
l.15 ...such that } |f(x)| \leq A \text{ \forall }
                                                   x \text{ in the domain of...

? 
! Missing $ inserted.
<inserted text> 
                $
l.15 ...such that } |f(x)| \leq A \text{ \forall }
                                                   x \text{ in the domain of...

? 
! Extra }, or forgotten $.
\textdef@ ...th {#1}\let \f@size #2\selectfont #3}
                                                  }
l.15 ...such that } |f(x)| \leq A \text{ \forall }
                                                   x \text{ in the domain of...

? 
! Extra }, or forgotten $.
\textdef@ ...h {#1}\let \f@size #2\selectfont #3}}
                                                  
l.15 ...such that } |f(x)| \leq A \text{ \forall }
                                                   x \text{ in the domain of...

? 
! Extra }, or forgotten $.
\text@ ...style \ssf@size {\firstchoice@false #1}}
                                                  \check@mathfonts }
l.15 ...such that } |f(x)| \leq A \text{ \forall }
                                                   x \text{ in the domain of...

? 
! Extra }, or forgotten $.
\text@ ...firstchoice@false #1}}\check@mathfonts }
                                                  
l.15 ...such that } |f(x)| \leq A \text{ \forall }
                                                   x \text{ in the domain of...

? 
! Missing $ inserted.
<inserted text> 
                $
l.16 \]
       
? 
! Missing } inserted.
<inserted text> 
                }
l.16 \]
       
? 
! Missing } inserted.
<inserted text> 
                }
l.16 \]
       
? 
! Missing } inserted.
<inserted text> 
                }
l.16 \]
       
? 
! Missing $ inserted.
<inserted text> 
                $
l.16 \]
       
? 
! Missing } inserted.
<inserted text> 
                }
l.16 \]
       
? 
! Missing } inserted.
<inserted text> 
                }
l.16 \]
       
? 
! Missing } inserted.
<inserted text> 
                }
l.16 \]
       
? 
! Missing $ inserted.
<inserted text> 
                $
l.16 \]
       
? 
! Missing } inserted.
<inserted text> 
                }
l.16 \]
       
? 
! Missing } inserted.
<inserted text> 
                }
l.16 \]
       
? 
! Interruption.
<to be read again> 
                   \endgroup 
l.16 \]
       
? 
! Missing } inserted.
<inserted text> 
                }
l.16 \]
       
? 
! Interruption.
<to be read again> 
                   \endgroup 
l.16 \]
       
? 
! Missing $ inserted.
<inserted text> 
                $
l.16 \]
       
? 
! Interruption.
<to be read again> 
                   \endgroup 
l.16 \]
       
? 
! Missing } inserted.
<inserted text> 
                }
l.16 \]
       
? 
! Interruption.
<to be read again> 
                   \endgroup 
l.16 \]
       
? 
! Emergency stop.
<to be read again> 
                   \endgroup 
l.16 \]
       
End of file on the terminal!

 
Here is how much of TeX's memory you used:
 1131 strings out of 476076
 17009 string characters out of 5793775
 1926187 words of memory out of 5000000
 23307 multiletter control sequences out of 15000+600000
 558869 words of font info for 39 fonts, out of 8000000 for 9000
 14 hyphenation exceptions out of 8191
 56i,16n,65p,210b,157s stack positions out of 10000i,1000n,20000p,200000b,200000s
!  ==> Fatal error occurred, no output PDF file produced!
